<?xml version="1.0" encoding="UTF-8"?>
<!-- Generated by org.testng.reporters.JUnitXMLReporter -->
<testsuite hostname="YI1007202LT" name="TestNGBasics" tests="4" failures="0" timestamp="15 May 2021 22:15:18 GMT" time="0.025" errors="0">
  <testcase name="firstFunction" time="0.005" classname="Testng.basic.ExampleBatch9"/>
  <testcase name="fourthFunction" time="0.0" classname="Testng.basic.ExampleBatch9"/>
  <testcase name="secondFunction" time="0.0" classname="Testng.basic.ExampleBatch9"/>
  <testcase name="thirdFunction" time="0.0" classname="Testng.basic.ExampleBatch9"/>
</testsuite> <!-- TestNGBasics -->
