<?xml version="1.0" encoding="UTF-8"?>
<!-- Generated by org.testng.reporters.JUnitXMLReporter -->
<testsuite hostname="YI1007202LT" name="TestNGBasics" tests="1" failures="1" timestamp="16 May 2021 18:13:51 GMT" time="25.519" errors="0">
  <testcase name="loginAndValidateTitle" time="4.819" classname="com.class2.SoftAssertionHRMSBatch9">
    <failure type="java.lang.AssertionError" message="The following asserts failed:
	expected [Human Resource Management System] but found [Human Management System],
	expected [Welcome Admin12345] but found [Welcome Admin]">
      <![CDATA[java.lang.AssertionError: The following asserts failed:
	expected [Human Resource Management System] but found [Human Management System],
	expected [Welcome Admin12345] but found [Welcome Admin]
	at com.class2.SoftAssertionHRMSBatch9.loginAndValidateTitle(SoftAssertionHRMSBatch9.java:47)
... Removed 24 stack frames]]>
    </failure>
  </testcase> <!-- loginAndValidateTitle -->
</testsuite> <!-- TestNGBasics -->
