<?xml version="1.0" encoding="UTF-8"?>
<testng-results skipped="0" failed="0" total="1" passed="1">
  <reporter-output>
  </reporter-output>
  <suite name="Default Suite" duration-ms="31" started-at="2021-05-16T07:29:42Z" finished-at="2021-05-16T07:29:42Z">
    <groups>
    </groups>
    <test name="TestNGBasics" duration-ms="31" started-at="2021-05-16T07:29:42Z" finished-at="2021-05-16T07:29:42Z">
      <class name="Testng.basic.class2.EnableAndDisable">
        <test-method status="PASS" signature="beforeMethod()[pri:0, instance:Testng.basic.class2.EnableAndDisable@de0a01f]" name="beforeMethod" is-config="true" duration-ms="10" started-at="2021-05-16T12:59:42Z" finished-at="2021-05-16T12:59:42Z">
          <reporter-output>
          </reporter-output>
        </test-method> <!-- beforeMethod -->
        <test-method status="PASS" signature="afterMethod()[pri:0, instance:Testng.basic.class2.EnableAndDisable@de0a01f]" name="afterMethod" is-config="true" duration-ms="2" started-at="2021-05-16T12:59:42Z" finished-at="2021-05-16T12:59:42Z">
          <reporter-output>
          </reporter-output>
        </test-method> <!-- afterMethod -->
        <test-method status="PASS" signature="testMethodTwo()[pri:1, instance:Testng.basic.class2.EnableAndDisable@de0a01f]" name="testMethodTwo" duration-ms="0" started-at="2021-05-16T12:59:42Z" finished-at="2021-05-16T12:59:42Z">
          <reporter-output>
          </reporter-output>
        </test-method> <!-- testMethodTwo -->
      </class> <!-- Testng.basic.class2.EnableAndDisable -->
    </test> <!-- TestNGBasics -->
  </suite> <!-- Default Suite -->
</testng-results>
